2024-10-02 21:52:28,926 - WARNING -  * Debugger is active!
2024-10-02 21:52:28,934 - INFO -  * Debugger PIN: 118-788-810
2024-10-02 21:53:31,659 - INFO - 127.0.0.1 - - [02/Oct/2024 21:53:31] "GET / HTTP/1.1" 200 -
2024-10-02 21:53:31,806 - INFO - 127.0.0.1 - - [02/Oct/2024 21:53:31] "GET /static/css/style.css HTTP/1.1" 200 -
2024-10-02 21:53:31,901 - INFO - 127.0.0.1 - - [02/Oct/2024 21:53:31] "GET /static/js/main.js HTTP/1.1" 200 -
2024-10-02 21:54:06,985 - DEBUG - Received form data: {'date_entry': '20241001', 'cycle_runtime': '06', 'forecast_hour': '24', 'gross_mass': '14', 'lift_gas_type': 'Hydrogen', 'max_volume_HAB_limit': '23', 'percent_He_scalar': '23', 'buoyant_force_scalar': '70', 'drag_coefficient_z': '245', 'launch_latitude': '23', 'launch_longitude': '2', 'alt_chosen': '300', 'number_forecasts': '24', 'motion_table_path': 'data/output'}
2024-10-02 21:54:06,986 - DEBUG - Parsed parameters: {'date_entry': '20241001', 'cycle_runtime': '06', 'forecast_hour': 24, 'gross_mass': 14.0, 'lift_gas_type': 'Hydrogen', 'max_volume_HAB_limit': 23.0, 'percent_He_scalar': 0.23, 'buoyant_force_scalar': 0.7, 'drag_coefficient_z': 245.0, 'launch_latitude': 23.0, 'launch_longitude': 2.0, 'alt_chosen': 300.0, 'number_forecasts': 24, 'motion_table_path': 'data/output'}
2024-10-02 21:54:06,986 - DEBUG - Starting simulation with parameters: {'date_entry': '20241001', 'cycle_runtime': '06', 'forecast_hour': 24, 'gross_mass': 14.0, 'lift_gas_type': 'Hydrogen', 'max_volume_HAB_limit': 23.0, 'percent_He_scalar': 0.23, 'buoyant_force_scalar': 0.7, 'drag_coefficient_z': 245.0, 'launch_latitude': 23.0, 'launch_longitude': 2.0, 'alt_chosen': 300.0, 'number_forecasts': 24, 'motion_table_path': 'data/output'}
2024-10-02 21:54:07,130 - DEBUG - eccodes lib search: trying to find binary wheel
2024-10-02 21:54:07,130 - DEBUG - eccodes lib search: looking in C:\Users\jwest\anaconda3\envs\hab_pred_env\Lib\site-packages\eccodes.libs
2024-10-02 21:54:07,131 - DEBUG - eccodes lib search: looking in C:\Users\jwest\anaconda3\envs\hab_pred_env\Lib\site-packages\eccodes\.dylibs
2024-10-02 21:54:07,131 - DEBUG - eccodes lib search: looking in C:\Users\jwest\anaconda3\envs\hab_pred_env\Lib\site-packages\eccodes
2024-10-02 21:54:07,132 - DEBUG - eccodes lib search: did not find library from wheel; try to find as separate lib
2024-10-02 21:54:07,143 - DEBUG - eccodes lib search: findlibs returned C:\Users\jwest\anaconda3\envs\hab_pred_env\Library\bin\eccodes.dll
2024-10-02 21:54:11,260 - DEBUG - missing from GRIB stream: 'number'
2024-10-02 21:54:11,261 - DEBUG - missing from GRIB stream: 'directionNumber'
2024-10-02 21:54:11,261 - DEBUG - missing from GRIB stream: 'frequencyNumber'
2024-10-02 21:54:12,142 - DEBUG - missing from GRIB stream: 'number'
2024-10-02 21:54:12,142 - DEBUG - missing from GRIB stream: 'directionNumber'
2024-10-02 21:54:12,143 - DEBUG - missing from GRIB stream: 'frequencyNumber'
2024-10-02 21:54:12,143 - DEBUG - cache hit for ('45f3a4a8af23f33a77ab669d0fa1d813', ('parameter', 'time', 'geography', 'vertical')); using cached geometry
2024-10-02 21:54:12,159 - INFO - Loaded GRIB2 data from data/atmospheric_data\gfs.t06z.pgrb2.0p25.f024.
2024-10-02 21:54:12,159 - DEBUG - Mass of gas: 14.000000000000002 kg, Volume of gas: 155.76323987538942 m³, Moles of gas: 483.2585433206766 mol, Mass of structure: -1.7763568394002505e-15 kg
2024-10-02 21:54:12,160 - DEBUG - Starting balloon flight simulation.
2024-10-02 21:54:12,161 - WARNING - Missing variable in dataset: "No variable named 't'. Variables on the dataset include ['time', 'step', 'meanSea', 'latitude', 'longitude', 'valid_time', 'prmsl', 'mslet']"
2024-10-02 21:54:12,161 - WARNING - Failed to retrieve atmospheric conditions: "No variable named 't'. Variables on the dataset include ['time', 'step', 'meanSea', 'latitude', 'longitude', 'valid_time', 'prmsl', 'mslet']". Using standard atmosphere model.
2024-10-02 21:54:12,162 - DEBUG - Standard atmosphere at 300.0m: Temp=286.2K, Pressure=105006.53502877092Pa, Air Density=1.2781715521888288kg/m³
2024-10-02 21:54:12,162 - INFO - Simulation terminated at step 1 due to altitude limits.
2024-10-02 21:54:12,167 - DEBUG - Balloon flight simulation completed.
2024-10-02 21:54:12,177 - INFO - Saved simulation results to data/output\motion_table.csv
2024-10-02 21:54:12,182 - INFO - 127.0.0.1 - - [02/Oct/2024 21:54:12] "POST /predict HTTP/1.1" 200 -
2024-10-03 20:19:20,771 - INFO - [31m[1mWARNING: This is a development server. Do not use it in a production deployment. Use a production WSGI server instead.[0m
 * Running on http://127.0.0.1:5000
2024-10-03 20:19:20,779 - INFO - [33mPress CTRL+C to quit[0m
2024-10-03 20:19:20,821 - INFO -  * Restarting with watchdog (windowsapi)
2024-10-03 20:19:24,717 - WARNING -  * Debugger is active!
2024-10-03 20:19:24,727 - INFO -  * Debugger PIN: 573-224-220
2024-10-03 20:19:33,405 - INFO - 127.0.0.1 - - [03/Oct/2024 20:19:33] "GET / HTTP/1.1" 200 -
2024-10-03 20:19:33,573 - INFO - 127.0.0.1 - - [03/Oct/2024 20:19:33] "[36mGET /static/js/main.js HTTP/1.1[0m" 304 -
2024-10-03 20:19:33,626 - INFO - 127.0.0.1 - - [03/Oct/2024 20:19:33] "[36mGET /static/css/style.css HTTP/1.1[0m" 304 -
2024-10-03 20:19:44,630 - DEBUG - Received form data: {'date_entry': '20241001', 'cycle_runtime': '00', 'forecast_hour': '24', 'gross_mass': '14', 'lift_gas_type': 'Helium', 'max_volume_HAB_limit': '23', 'percent_He_scalar': '23', 'buoyant_force_scalar': '70', 'drag_coefficient_z': '245', 'launch_latitude': '23', 'launch_longitude': '2', 'alt_chosen': '300', 'number_forecasts': '24', 'motion_table_path': 'data/output'}
2024-10-03 20:19:44,631 - DEBUG - Parsed parameters: {'date_entry': '20241001', 'cycle_runtime': '00', 'forecast_hour': 24, 'gross_mass': 14.0, 'lift_gas_type': 'Helium', 'max_volume_HAB_limit': 23.0, 'percent_He_scalar': 0.23, 'buoyant_force_scalar': 0.7, 'drag_coefficient_z': 245.0, 'launch_latitude': 23.0, 'launch_longitude': 2.0, 'alt_chosen': 300.0, 'number_forecasts': 24, 'motion_table_path': 'data/output'}
2024-10-03 20:19:44,632 - DEBUG - Starting simulation with parameters: {'date_entry': '20241001', 'cycle_runtime': '00', 'forecast_hour': 24, 'gross_mass': 14.0, 'lift_gas_type': 'Helium', 'max_volume_HAB_limit': 23.0, 'percent_He_scalar': 0.23, 'buoyant_force_scalar': 0.7, 'drag_coefficient_z': 245.0, 'launch_latitude': 23.0, 'launch_longitude': 2.0, 'alt_chosen': 300.0, 'number_forecasts': 24, 'motion_table_path': 'data/output'}
2024-10-03 20:19:49,128 - DEBUG - missing from GRIB stream: 'number'
2024-10-03 20:19:49,129 - DEBUG - missing from GRIB stream: 'directionNumber'
2024-10-03 20:19:49,130 - DEBUG - missing from GRIB stream: 'frequencyNumber'
2024-10-03 20:19:49,881 - DEBUG - missing from GRIB stream: 'number'
2024-10-03 20:19:49,882 - DEBUG - missing from GRIB stream: 'directionNumber'
2024-10-03 20:19:49,883 - DEBUG - missing from GRIB stream: 'frequencyNumber'
2024-10-03 20:19:49,883 - DEBUG - cache hit for ('45f3a4a8af23f33a77ab669d0fa1d813', ('parameter', 'time', 'geography', 'vertical')); using cached geometry
2024-10-03 20:19:50,344 - INFO - Loaded GRIB2 data from data/atmospheric_data\gfs.t00z.pgrb2.0p25.f024.
2024-10-03 20:19:50,344 - DEBUG - Mass of gas: 13.999999999999998 kg, Volume of gas: 78.38745800671892 m³, Moles of gas: 483.2585433206765 mol, Mass of structure: 1.7763568394002505e-15 kg
2024-10-03 20:19:50,345 - DEBUG - Starting balloon flight simulation.
2024-10-03 20:19:50,346 - WARNING - Missing variable in dataset: "No variable named 't'. Variables on the dataset include ['time', 'step', 'meanSea', 'latitude', 'longitude', 'valid_time', 'prmsl', 'mslet']"
2024-10-03 20:19:50,347 - WARNING - Failed to retrieve atmospheric conditions: "No variable named 't'. Variables on the dataset include ['time', 'step', 'meanSea', 'latitude', 'longitude', 'valid_time', 'prmsl', 'mslet']". Using standard atmosphere model.
2024-10-03 20:19:50,348 - DEBUG - Standard atmosphere at 300.0m: Temp=286.2K, Pressure=105006.53502877092Pa, Air Density=1.2781715521888288kg/m³
2024-10-03 20:19:50,348 - INFO - Simulation terminated at step 1 due to altitude limits.
2024-10-03 20:19:50,352 - DEBUG - Balloon flight simulation completed.
2024-10-03 20:19:50,361 - INFO - Saved simulation results to data/output\motion_table.csv
2024-10-03 20:19:50,366 - INFO - 127.0.0.1 - - [03/Oct/2024 20:19:50] "POST /predict HTTP/1.1" 200 -
2024-10-03 20:26:02,793 - INFO -  * Detected change in 'C:\\Users\\jwest\\OneDrive\\Documents\\Desktop\\Simulator\\test_download.py', reloading
2024-10-03 20:26:03,176 - INFO -  * Restarting with watchdog (windowsapi)
2024-10-03 20:26:07,451 - WARNING -  * Debugger is active!
2024-10-03 20:26:07,460 - INFO -  * Debugger PIN: 573-224-220
2024-10-03 21:23:01,596 - DEBUG - Constructed URL: https://nomads.ncep.noaa.gov/pub/data/nccf/com/gfs/prod/gfs.20241001/00/atmos/gfs.t00z.pgrb2.0p25.f024
2024-10-03 21:23:01,602 - DEBUG - File will be saved to: C:\Users\jwest\OneDrive\Documents\Desktop\Simulator\data\atmospheric_data\gfs.t00z.pgrb2.0p25.f024
2024-10-03 21:23:01,604 - DEBUG - Initialized HTTP session with retry strategy.
2024-10-03 21:23:01,611 - INFO - Starting download of gfs.t00z.pgrb2.0p25.f024 from https://nomads.ncep.noaa.gov/pub/data/nccf/com/gfs/prod/gfs.20241001/00/atmos/gfs.t00z.pgrb2.0p25.f024
2024-10-03 21:23:01,957 - DEBUG - Created directory: data/atmospheric_data
2024-10-03 21:23:52,667 - INFO - Downloaded gfs.t00z.pgrb2.0p25.f024 successfully.
2024-10-03 21:23:52,668 - DEBUG - Validating GRIB2 file: C:\Users\jwest\OneDrive\Documents\Desktop\Simulator\data\atmospheric_data\gfs.t00z.pgrb2.0p25.f024
2024-10-03 21:23:59,102 - WARNING - Missing variables in GRIB2 file 'C:\Users\jwest\OneDrive\Documents\Desktop\Simulator\data\atmospheric_data\gfs.t00z.pgrb2.0p25.f024': ['Wind', 't', 'number', 'directionNumber', 'frequencyNumber']
2024-10-03 21:24:04,391 - DEBUG - Variables in 'C:\Users\jwest\OneDrive\Documents\Desktop\Simulator\data\atmospheric_data\gfs.t00z.pgrb2.0p25.f024': ['10 metre U wind component', '10 metre V wind component', '100 metre U wind component', '100 metre V wind component', '2 metre dewpoint temperature', '2 metre relative humidity', '2 metre specific humidity', '2 metre temperature', 'Absolute vorticity', 'Apparent temperature', 'Best (4-layer) lifted index', 'Categorical freezing rain', 'Categorical ice pellets', 'Categorical rain', 'Categorical snow', 'Cloud mixing ratio', 'Cloud water', 'Cloud work function', 'Convective available potential energy', 'Convective inhibition', 'Convective precipitation (water)', 'Convective precipitation rate', 'Derived radar reflectivity', 'Downward long-wave radiation flux', 'Downward short-wave radiation flux', 'Field Capacity', 'Forecast albedo', 'Forecast surface roughness', 'Frictional velocity', 'Geometric vertical velocity', 'Geopotential height', 'Graupel (snow pellets)', 'Ground heat flux', 'Haines Index', 'High cloud cover', 'ICAO Standard Atmosphere reference height', 'Ice water mixing ratio', 'Land-sea mask', 'Liquid volumetric soil moisture (non-frozen)', 'Low cloud cover', 'MSLP (Eta model reduction)', 'Maximum temperature', 'Maximum/Composite radar reflectivity', 'Mean surface latent heat flux', 'Mean surface sensible heat flux', 'Medium cloud cover', 'Meridional flux of gravity wave stress', 'Minimum temperature', 'Orography', 'Ozone mixing ratio', 'Percent frozen precipitation', 'Plant canopy surface water', 'Potential temperature', 'Precipitable water', 'Precipitation rate', 'Pressure', 'Pressure of level from which parcel was lifted', 'Pressure reduced to MSL', 'Rain mixing ratio', 'Relative humidity', 'Sea ice area fraction', 'Sea ice temperature', 'Snow depth', 'Snow mixing ratio', 'Soil temperature', 'Soil type', 'Specific humidity', 'Storm relative helicity', 'Sunshine Duration', 'Surface lifted index', 'Surface pressure', 'Temperature', 'Total Cloud Cover', 'Total Precipitation', 'Total ozone', 'Tropopause pressure', 'U component of wind', 'U-component of atmospheric surface momentum flux', 'U-component storm motion', 'Upward long-wave radiation flux', 'Upward short-wave radiation flux', 'V component of wind', 'V-component of atmospheric surface momentum flux', 'V-component storm motion', 'Vegetation', 'Ventilation Rate', 'Vertical speed shear', 'Vertical velocity', 'Visibility', 'Volumetric soil moisture content', 'Water equivalent of accumulated snow depth (deprecated)', 'Water runoff', 'Wilting Point', 'Wind speed (gust)', 'Zonal flux of gravity wave stress', 'unknown']
2024-10-03 21:24:04,460 - ERROR - An error occurred while downloading gfs.t00z.pgrb2.0p25.f024: Downloaded GRIB2 file 'gfs.t00z.pgrb2.0p25.f024' is missing required variables.
2024-10-03 21:24:04,462 - DEBUG - HTTP session closed.
