2024-10-03 20:30:22,063 - INFO - [31m[1mWARNING: This is a development server. Do not use it in a production deployment. Use a production WSGI server instead.[0m
 * Running on http://127.0.0.1:5000
2024-10-03 20:30:22,065 - INFO - [33mPress CTRL+C to quit[0m
2024-10-03 20:30:22,087 - INFO -  * Restarting with watchdog (windowsapi)
2024-10-03 20:30:25,675 - WARNING -  * Debugger is active!
2024-10-03 20:30:25,682 - INFO -  * Debugger PIN: 573-224-220
2024-10-03 20:30:27,552 - INFO - 127.0.0.1 - - [03/Oct/2024 20:30:27] "GET / HTTP/1.1" 200 -
2024-10-03 20:30:27,675 - INFO - 127.0.0.1 - - [03/Oct/2024 20:30:27] "[36mGET /static/css/style.css HTTP/1.1[0m" 304 -
2024-10-03 20:30:27,796 - INFO - 127.0.0.1 - - [03/Oct/2024 20:30:27] "[36mGET /static/js/main.js HTTP/1.1[0m" 304 -
2024-10-03 20:30:49,560 - DEBUG - Received form data: {'date_entry': '20241001', 'cycle_runtime': '06', 'forecast_hour': '24', 'gross_mass': '14', 'lift_gas_type': 'Hydrogen', 'max_volume_HAB_limit': '23', 'percent_He_scalar': '23', 'buoyant_force_scalar': '70', 'drag_coefficient_z': '245', 'launch_latitude': '23', 'launch_longitude': '2', 'alt_chosen': '300', 'number_forecasts': '24', 'motion_table_path': 'data/output'}
2024-10-03 20:30:49,562 - DEBUG - Parsed parameters: {'date_entry': '20241001', 'cycle_runtime': '06', 'forecast_hour': 24, 'gross_mass': 14.0, 'lift_gas_type': 'Hydrogen', 'max_volume_HAB_limit': 23.0, 'percent_He_scalar': 0.23, 'buoyant_force_scalar': 0.7, 'drag_coefficient_z': 245.0, 'launch_latitude': 23.0, 'launch_longitude': 2.0, 'alt_chosen': 300.0, 'number_forecasts': 24, 'motion_table_path': 'data/output'}
2024-10-03 20:30:49,562 - DEBUG - Starting simulation with parameters: {'date_entry': '20241001', 'cycle_runtime': '06', 'forecast_hour': 24, 'gross_mass': 14.0, 'lift_gas_type': 'Hydrogen', 'max_volume_HAB_limit': 23.0, 'percent_He_scalar': 0.23, 'buoyant_force_scalar': 0.7, 'drag_coefficient_z': 245.0, 'launch_latitude': 23.0, 'launch_longitude': 2.0, 'alt_chosen': 300.0, 'number_forecasts': 24, 'motion_table_path': 'data/output'}
2024-10-03 20:30:49,563 - INFO - Atmospheric data file gfs.t06z.pgrb2.0p25.f024 not found. Attempting to download...
2024-10-03 20:30:49,564 - DEBUG - Attempting to download gfs.t06z.pgrb2.0p25.f024 from https://nomads.ncep.noaa.gov/pub/data/nccf/com/gfs/prod/gfs.20241001/06/atmos/gfs.t06z.pgrb2.0p25.f024
2024-10-03 20:30:49,569 - DEBUG - Starting new HTTPS connection (1): nomads.ncep.noaa.gov:443
2024-10-03 20:30:49,894 - DEBUG - https://nomads.ncep.noaa.gov:443 "GET /pub/data/nccf/com/gfs/prod/gfs.20241001/06/atmos/gfs.t06z.pgrb2.0p25.f024 HTTP/11" 200 531833953
2024-10-03 20:31:59,330 - INFO - Downloaded gfs.t06z.pgrb2.0p25.f024 successfully.
2024-10-03 20:31:59,333 - INFO - Downloaded data/atmospheric_data\gfs.t06z.pgrb2.0p25.f024 successfully.
2024-10-03 20:32:03,040 - DEBUG - missing from GRIB stream: 'number'
2024-10-03 20:32:03,088 - DEBUG - missing from GRIB stream: 'directionNumber'
2024-10-03 20:32:03,125 - DEBUG - missing from GRIB stream: 'frequencyNumber'
2024-10-03 20:32:04,039 - DEBUG - missing from GRIB stream: 'number'
2024-10-03 20:32:04,040 - DEBUG - missing from GRIB stream: 'directionNumber'
2024-10-03 20:32:04,041 - DEBUG - missing from GRIB stream: 'frequencyNumber'
2024-10-03 20:32:04,041 - DEBUG - cache hit for ('45f3a4a8af23f33a77ab669d0fa1d813', ('parameter', 'time', 'geography', 'vertical')); using cached geometry
2024-10-03 20:32:04,300 - INFO - Loaded GRIB2 data from data/atmospheric_data\gfs.t06z.pgrb2.0p25.f024.
2024-10-03 20:32:04,300 - DEBUG - Mass of gas: 14.000000000000002 kg, Volume of gas: 155.76323987538942 m³, Moles of gas: 483.2585433206766 mol, Mass of structure: -1.7763568394002505e-15 kg
2024-10-03 20:32:04,301 - DEBUG - Starting balloon flight simulation.
2024-10-03 20:32:04,302 - WARNING - Missing variable in dataset: "No variable named 't'. Variables on the dataset include ['time', 'step', 'meanSea', 'latitude', 'longitude', 'valid_time', 'prmsl', 'mslet']"
2024-10-03 20:32:04,303 - WARNING - Failed to retrieve atmospheric conditions: "No variable named 't'. Variables on the dataset include ['time', 'step', 'meanSea', 'latitude', 'longitude', 'valid_time', 'prmsl', 'mslet']". Using standard atmosphere model.
2024-10-03 20:32:04,305 - DEBUG - Standard atmosphere at 300.0m: Temp=286.2K, Pressure=105006.53502877092Pa, Air Density=1.2781715521888288kg/m³
2024-10-03 20:32:04,308 - INFO - Simulation terminated at step 1 due to altitude limits.
2024-10-03 20:32:04,310 - DEBUG - Balloon flight simulation completed.
2024-10-03 20:32:04,316 - INFO - Saved simulation results to data/output\motion_table.csv
2024-10-03 20:32:04,320 - INFO - 127.0.0.1 - - [03/Oct/2024 20:32:04] "POST /predict HTTP/1.1" 200 -
2024-10-03 20:33:16,914 - INFO -  * Detected change in 'C:\\Users\\jwest\\OneDrive\\Documents\\Desktop\\Simulator\\data_downloader.py', reloading
2024-10-03 20:33:16,931 - INFO -  * Detected change in 'C:\\Users\\jwest\\OneDrive\\Documents\\Desktop\\Simulator\\data_downloader.py', reloading
2024-10-03 20:33:18,036 - INFO -  * Restarting with watchdog (windowsapi)
2024-10-03 20:33:21,337 - WARNING -  * Debugger is active!
2024-10-03 20:33:21,344 - INFO -  * Debugger PIN: 573-224-220
2024-10-03 20:34:17,801 - INFO - 127.0.0.1 - - [03/Oct/2024 20:34:17] "GET / HTTP/1.1" 200 -
2024-10-03 20:34:17,905 - INFO - 127.0.0.1 - - [03/Oct/2024 20:34:17] "[36mGET /static/css/style.css HTTP/1.1[0m" 304 -
2024-10-03 20:34:18,047 - INFO - 127.0.0.1 - - [03/Oct/2024 20:34:18] "[36mGET /static/js/main.js HTTP/1.1[0m" 304 -
2024-10-03 20:34:23,473 - DEBUG - Received form data: {'date_entry': '20241001', 'cycle_runtime': '12', 'forecast_hour': '24', 'gross_mass': '14', 'lift_gas_type': 'Hydrogen', 'max_volume_HAB_limit': '23', 'percent_He_scalar': '23', 'buoyant_force_scalar': '70', 'drag_coefficient_z': '245', 'launch_latitude': '23', 'launch_longitude': '2', 'alt_chosen': '300', 'number_forecasts': '24', 'motion_table_path': 'data/output'}
2024-10-03 20:34:23,474 - DEBUG - Parsed parameters: {'date_entry': '20241001', 'cycle_runtime': '12', 'forecast_hour': 24, 'gross_mass': 14.0, 'lift_gas_type': 'Hydrogen', 'max_volume_HAB_limit': 23.0, 'percent_He_scalar': 0.23, 'buoyant_force_scalar': 0.7, 'drag_coefficient_z': 245.0, 'launch_latitude': 23.0, 'launch_longitude': 2.0, 'alt_chosen': 300.0, 'number_forecasts': 24, 'motion_table_path': 'data/output'}
2024-10-03 20:34:23,475 - DEBUG - Starting simulation with parameters: {'date_entry': '20241001', 'cycle_runtime': '12', 'forecast_hour': 24, 'gross_mass': 14.0, 'lift_gas_type': 'Hydrogen', 'max_volume_HAB_limit': 23.0, 'percent_He_scalar': 0.23, 'buoyant_force_scalar': 0.7, 'drag_coefficient_z': 245.0, 'launch_latitude': 23.0, 'launch_longitude': 2.0, 'alt_chosen': 300.0, 'number_forecasts': 24, 'motion_table_path': 'data/output'}
2024-10-03 20:34:23,476 - INFO - Atmospheric data file gfs.t12z.pgrb2.0p25.f024 not found. Attempting to download...
2024-10-03 20:34:23,477 - DEBUG - Attempting to download gfs.t12z.pgrb2.0p25.f024 from https://nomads.ncep.noaa.gov/pub/data/nccf/com/gfs/prod/gfs.20241001/12/atmos/gfs.t12z.pgrb2.0p25.f024
2024-10-03 20:34:23,484 - DEBUG - Starting new HTTPS connection (1): nomads.ncep.noaa.gov:443
2024-10-03 20:34:23,809 - DEBUG - https://nomads.ncep.noaa.gov:443 "GET /pub/data/nccf/com/gfs/prod/gfs.20241001/12/atmos/gfs.t12z.pgrb2.0p25.f024 HTTP/11" 200 535742450
2024-10-03 20:35:12,242 - INFO - Downloaded gfs.t12z.pgrb2.0p25.f024 successfully.
2024-10-03 20:35:12,245 - INFO - Downloaded data/atmospheric_data\gfs.t12z.pgrb2.0p25.f024 successfully.
2024-10-03 20:35:15,978 - DEBUG - missing from GRIB stream: 'number'
2024-10-03 20:35:15,979 - DEBUG - missing from GRIB stream: 'directionNumber'
2024-10-03 20:35:15,981 - DEBUG - missing from GRIB stream: 'frequencyNumber'
2024-10-03 20:35:16,735 - DEBUG - missing from GRIB stream: 'number'
2024-10-03 20:35:16,737 - DEBUG - missing from GRIB stream: 'directionNumber'
2024-10-03 20:35:16,738 - DEBUG - missing from GRIB stream: 'frequencyNumber'
2024-10-03 20:35:16,741 - DEBUG - cache hit for ('45f3a4a8af23f33a77ab669d0fa1d813', ('parameter', 'time', 'geography', 'vertical')); using cached geometry
2024-10-03 20:35:16,994 - INFO - Loaded GRIB2 data from data/atmospheric_data\gfs.t12z.pgrb2.0p25.f024.
2024-10-03 20:35:16,994 - DEBUG - Mass of gas: 14.000000000000002 kg, Volume of gas: 155.76323987538942 m³, Moles of gas: 483.2585433206766 mol, Mass of structure: -1.7763568394002505e-15 kg
2024-10-03 20:35:16,995 - DEBUG - Starting balloon flight simulation.
2024-10-03 20:35:16,997 - WARNING - Missing variable in dataset: "No variable named 't'. Variables on the dataset include ['time', 'step', 'meanSea', 'latitude', 'longitude', 'valid_time', 'prmsl', 'mslet']"
2024-10-03 20:35:16,998 - WARNING - Failed to retrieve atmospheric conditions: "No variable named 't'. Variables on the dataset include ['time', 'step', 'meanSea', 'latitude', 'longitude', 'valid_time', 'prmsl', 'mslet']". Using standard atmosphere model.
2024-10-03 20:35:16,998 - DEBUG - Standard atmosphere at 300.0m: Temp=286.2K, Pressure=105006.53502877092Pa, Air Density=1.2781715521888288kg/m³
2024-10-03 20:35:16,998 - INFO - Simulation terminated at step 1 due to altitude limits.
2024-10-03 20:35:17,000 - DEBUG - Balloon flight simulation completed.
2024-10-03 20:35:17,006 - INFO - Saved simulation results to data/output\motion_table.csv
2024-10-03 20:35:17,010 - INFO - 127.0.0.1 - - [03/Oct/2024 20:35:17] "POST /predict HTTP/1.1" 200 -
2024-10-03 20:36:46,992 - INFO -  * Detected change in 'C:\\Users\\jwest\\OneDrive\\Documents\\Desktop\\Simulator\\inspect_grib_variables.py', reloading
2024-10-03 20:36:47,998 - INFO -  * Restarting with watchdog (windowsapi)
2024-10-03 20:36:52,598 - WARNING -  * Debugger is active!
2024-10-03 20:36:52,605 - INFO -  * Debugger PIN: 573-224-220
2024-10-03 20:37:13,495 - INFO -  * Detected change in 'C:\\Users\\jwest\\OneDrive\\Documents\\Desktop\\Simulator\\inspect_grib_variables.py', reloading
2024-10-03 20:37:13,501 - INFO -  * Detected change in 'C:\\Users\\jwest\\OneDrive\\Documents\\Desktop\\Simulator\\inspect_grib_variables.py', reloading
2024-10-03 20:37:14,101 - INFO -  * Restarting with watchdog (windowsapi)
2024-10-03 20:42:01,260 - DEBUG - Starting simulation with parameters: {'date_entry': '20241001', 'cycle_runtime': '06', 'forecast_hour': 24, 'gross_mass': 14.0, 'lift_gas_type': 'Hydrogen', 'max_volume_HAB_limit': 23.0, 'percent_He_scalar': 0.23, 'buoyant_force_scalar': 0.7, 'drag_coefficient_z': 245.0, 'launch_latitude': 23.0, 'launch_longitude': 2.0, 'alt_chosen': 300.0, 'number_forecasts': 24, 'motion_table_path': 'data/output'}
2024-10-03 20:42:05,942 - INFO - Loaded GRIB2 data from data/atmospheric_data\gfs.t06z.pgrb2.0p25.f024.
2024-10-03 20:42:05,948 - DEBUG - Mass of gas: 14.0 kg, Volume of gas: 77204.16975080187 m³, Moles of gas: 6944.444444444444 mol, Mass of structure: 0.1 kg
2024-10-03 20:42:05,957 - DEBUG - Starting balloon flight simulation.
2024-10-03 20:42:05,959 - WARNING - Missing variable in dataset: "No variable named 'Temperature'. Variables on the dataset include ['time', 'step', 'meanSea', 'latitude', 'longitude', 'valid_time', 'prmsl', 'mslet']"
2024-10-03 20:42:05,963 - WARNING - Failed to retrieve atmospheric conditions: "No variable named 'Temperature'. Variables on the dataset include ['time', 'step', 'meanSea', 'latitude', 'longitude', 'valid_time', 'prmsl', 'mslet']". Using standard atmosphere model.
2024-10-03 20:42:05,965 - DEBUG - Standard atmosphere at 300.0m: Temp=286.2K, Pressure=105006.53502877092Pa, Air Density=1.2781715521888288kg/m³
2024-10-03 20:42:05,967 - WARNING - Missing wind component in dataset: "No variable named '10 metre U wind component'. Variables on the dataset include ['time', 'step', 'meanSea', 'latitude', 'longitude', 'valid_time', 'prmsl', 'mslet']"
2024-10-03 20:42:05,969 - WARNING - Missing wind component in dataset: "No variable named '10 metre U wind component'. Variables on the dataset include ['time', 'step', 'meanSea', 'latitude', 'longitude', 'valid_time', 'prmsl', 'mslet']"
2024-10-03 20:42:05,978 - DEBUG - Step 1: {'Time (s)': 3600, 'Latitude': 23.0, 'Longitude': 2.0, 'Altitude (m)': 113714019.30621682, 'X_Vel (m/s)': 0.0, 'Y_Vel (m/s)': 0.0, 'Z_Vel (m/s)': 31587.144251726895, 'Wind Direction (deg)': nan, 'Wind Frequency': nan}
2024-10-03 20:42:05,979 - INFO - Simulation terminated at step 1 due to altitude limits.
2024-10-03 20:42:05,988 - DEBUG - Balloon flight simulation completed.
2024-10-03 20:42:06,002 - INFO - Saved simulation results to data/output\motion_table.csv
2024-10-03 20:43:54,905 - DEBUG - Starting simulation with parameters: {'date_entry': '20241001', 'cycle_runtime': '12', 'forecast_hour': 24, 'gross_mass': 14.0, 'lift_gas_type': 'Hydrogen', 'max_volume_HAB_limit': 23.0, 'percent_He_scalar': 0.23, 'buoyant_force_scalar': 0.7, 'drag_coefficient_z': 245.0, 'launch_latitude': 23.0, 'launch_longitude': 2.0, 'alt_chosen': 300.0, 'number_forecasts': 24, 'motion_table_path': 'data/output'}
2024-10-03 20:44:00,031 - INFO - Loaded GRIB2 data from data/atmospheric_data\gfs.t12z.pgrb2.0p25.f024.
2024-10-03 20:44:00,037 - DEBUG - Dataset variables: ['prmsl', 'mslet']
2024-10-03 20:44:00,040 - DEBUG - Mass of gas: 14.0 kg, Volume of gas: 155.64390574882802 m³, Moles of gas: 6944.444444444444 mol, Mass of structure: 0.0 kg
2024-10-03 20:44:00,044 - DEBUG - Starting balloon flight simulation.
2024-10-03 20:44:00,047 - WARNING - Missing variable in dataset: "No variable named 'Temperature'. Variables on the dataset include ['time', 'step', 'meanSea', 'latitude', 'longitude', 'valid_time', 'prmsl', 'mslet']"
2024-10-03 20:44:00,050 - WARNING - Failed to retrieve atmospheric conditions: "No variable named 'Temperature'. Variables on the dataset include ['time', 'step', 'meanSea', 'latitude', 'longitude', 'valid_time', 'prmsl', 'mslet']". Using standard atmosphere model.
2024-10-03 20:44:00,053 - DEBUG - Standard atmosphere at 300.0m: Temp=286.2K, Pressure=105006.53502877092Pa, Air Density=1.2781715521888288kg/m³
2024-10-03 20:44:00,056 - ERROR - Simulation failed: float division by zero
2024-10-03 20:48:24,968 - DEBUG - Starting simulation with parameters: {'date_entry': '20241001', 'cycle_runtime': '12', 'forecast_hour': 24, 'gross_mass': 14.0, 'lift_gas_type': 'Hydrogen', 'max_volume_HAB_limit': 23.0, 'percent_He_scalar': 0.23, 'buoyant_force_scalar': 0.7, 'drag_coefficient_z': 245.0, 'launch_latitude': 23.0, 'launch_longitude': 2.0, 'alt_chosen': 300.0, 'number_forecasts': 24, 'motion_table_path': 'data/output'}
2024-10-03 20:48:29,100 - ERROR - Failed to load GRIB2 data: multiple values for unique key, try re-open the file with one of:
    filter_by_keys={'typeOfLevel': 'meanSea'}
    filter_by_keys={'typeOfLevel': 'hybrid'}
    filter_by_keys={'typeOfLevel': 'atmosphere'}
    filter_by_keys={'typeOfLevel': 'surface'}
    filter_by_keys={'typeOfLevel': 'planetaryBoundaryLayer'}
    filter_by_keys={'typeOfLevel': 'isobaricInPa'}
    filter_by_keys={'typeOfLevel': 'isobaricInhPa'}
    filter_by_keys={'typeOfLevel': 'heightAboveGround'}
    filter_by_keys={'typeOfLevel': 'depthBelowLandLayer'}
    filter_by_keys={'typeOfLevel': 'heightAboveSea'}
    filter_by_keys={'typeOfLevel': 'atmosphereSingleLayer'}
    filter_by_keys={'typeOfLevel': 'lowCloudLayer'}
    filter_by_keys={'typeOfLevel': 'middleCloudLayer'}
    filter_by_keys={'typeOfLevel': 'highCloudLayer'}
    filter_by_keys={'typeOfLevel': 'cloudCeiling'}
    filter_by_keys={'typeOfLevel': 'convectiveCloudBottom'}
    filter_by_keys={'typeOfLevel': 'lowCloudBottom'}
    filter_by_keys={'typeOfLevel': 'middleCloudBottom'}
    filter_by_keys={'typeOfLevel': 'highCloudBottom'}
    filter_by_keys={'typeOfLevel': 'convectiveCloudTop'}
    filter_by_keys={'typeOfLevel': 'lowCloudTop'}
    filter_by_keys={'typeOfLevel': 'middleCloudTop'}
    filter_by_keys={'typeOfLevel': 'highCloudTop'}
    filter_by_keys={'typeOfLevel': 'convectiveCloudLayer'}
    filter_by_keys={'typeOfLevel': 'boundaryLayerCloudLayer'}
    filter_by_keys={'typeOfLevel': 'nominalTop'}
    filter_by_keys={'typeOfLevel': 'heightAboveGroundLayer'}
    filter_by_keys={'typeOfLevel': 'tropopause'}
    filter_by_keys={'typeOfLevel': 'maxWind'}
    filter_by_keys={'typeOfLevel': 'isothermZero'}
    filter_by_keys={'typeOfLevel': 'highestTroposphericFreezing'}
    filter_by_keys={'typeOfLevel': 'pressureFromGroundLayer'}
    filter_by_keys={'typeOfLevel': 'sigmaLayer'}
    filter_by_keys={'typeOfLevel': 'sigma'}
    filter_by_keys={'typeOfLevel': 'potentialVorticity'}
2024-10-03 20:48:29,105 - ERROR - Failed to load atmospheric data: multiple values for unique key, try re-open the file with one of:
    filter_by_keys={'typeOfLevel': 'meanSea'}
    filter_by_keys={'typeOfLevel': 'hybrid'}
    filter_by_keys={'typeOfLevel': 'atmosphere'}
    filter_by_keys={'typeOfLevel': 'surface'}
    filter_by_keys={'typeOfLevel': 'planetaryBoundaryLayer'}
    filter_by_keys={'typeOfLevel': 'isobaricInPa'}
    filter_by_keys={'typeOfLevel': 'isobaricInhPa'}
    filter_by_keys={'typeOfLevel': 'heightAboveGround'}
    filter_by_keys={'typeOfLevel': 'depthBelowLandLayer'}
    filter_by_keys={'typeOfLevel': 'heightAboveSea'}
    filter_by_keys={'typeOfLevel': 'atmosphereSingleLayer'}
    filter_by_keys={'typeOfLevel': 'lowCloudLayer'}
    filter_by_keys={'typeOfLevel': 'middleCloudLayer'}
    filter_by_keys={'typeOfLevel': 'highCloudLayer'}
    filter_by_keys={'typeOfLevel': 'cloudCeiling'}
    filter_by_keys={'typeOfLevel': 'convectiveCloudBottom'}
    filter_by_keys={'typeOfLevel': 'lowCloudBottom'}
    filter_by_keys={'typeOfLevel': 'middleCloudBottom'}
    filter_by_keys={'typeOfLevel': 'highCloudBottom'}
    filter_by_keys={'typeOfLevel': 'convectiveCloudTop'}
    filter_by_keys={'typeOfLevel': 'lowCloudTop'}
    filter_by_keys={'typeOfLevel': 'middleCloudTop'}
    filter_by_keys={'typeOfLevel': 'highCloudTop'}
    filter_by_keys={'typeOfLevel': 'convectiveCloudLayer'}
    filter_by_keys={'typeOfLevel': 'boundaryLayerCloudLayer'}
    filter_by_keys={'typeOfLevel': 'nominalTop'}
    filter_by_keys={'typeOfLevel': 'heightAboveGroundLayer'}
    filter_by_keys={'typeOfLevel': 'tropopause'}
    filter_by_keys={'typeOfLevel': 'maxWind'}
    filter_by_keys={'typeOfLevel': 'isothermZero'}
    filter_by_keys={'typeOfLevel': 'highestTroposphericFreezing'}
    filter_by_keys={'typeOfLevel': 'pressureFromGroundLayer'}
    filter_by_keys={'typeOfLevel': 'sigmaLayer'}
    filter_by_keys={'typeOfLevel': 'sigma'}
    filter_by_keys={'typeOfLevel': 'potentialVorticity'}
2024-10-03 20:50:53,955 - DEBUG - Starting simulation with parameters: {'date_entry': '20241001', 'cycle_runtime': '06', 'forecast_hour': 24, 'gross_mass': 14.0, 'lift_gas_type': 'Helium', 'max_volume_HAB_limit': 23.0, 'percent_He_scalar': 0.23, 'buoyant_force_scalar': 0.7, 'drag_coefficient_z': 245.0, 'launch_latitude': 23.0, 'launch_longitude': 2.0, 'alt_chosen': 300.0, 'number_forecasts': 24, 'motion_table_path': 'data/output'}
2024-10-03 20:50:57,555 - DEBUG - Loaded dataset for typeOfLevel: sfc
2024-10-03 20:51:01,524 - DEBUG - Loaded dataset for typeOfLevel: meanSea
2024-10-03 20:51:03,968 - DEBUG - Loaded dataset for typeOfLevel: 10m
2024-10-03 20:51:03,973 - INFO - Merged 3 datasets from different typeOfLevel(s).
2024-10-03 20:51:03,976 - DEBUG - Dataset variables after merging: ['prmsl', 'mslet']
2024-10-03 20:51:03,979 - DEBUG - Mass of gas: 13.9 kg, Volume of gas: 77.83361858463353 m³, Moles of gas: 3472.742717233798 mol, Mass of structure: 0.1 kg
2024-10-03 20:51:03,981 - DEBUG - Starting balloon flight simulation.
2024-10-03 20:51:03,984 - WARNING - Missing variable in dataset: "No variable named 'Temperature'. Variables on the dataset include ['time', 'step', 'meanSea', 'latitude', 'longitude', 'valid_time', 'prmsl', 'mslet']"
2024-10-03 20:51:03,987 - WARNING - Failed to retrieve atmospheric conditions: "No variable named 'Temperature'. Variables on the dataset include ['time', 'step', 'meanSea', 'latitude', 'longitude', 'valid_time', 'prmsl', 'mslet']". Using standard atmosphere model.
2024-10-03 20:51:03,990 - DEBUG - Standard atmosphere at 300.0m: Temp=286.2K, Pressure=105006.53502877092Pa, Air Density=1.2781715521888288kg/m³
2024-10-03 20:51:03,992 - WARNING - Missing wind component in dataset: "No variable named '10 metre U wind component'. Variables on the dataset include ['time', 'step', 'meanSea', 'latitude', 'longitude', 'valid_time', 'prmsl', 'mslet']"
2024-10-03 20:51:03,994 - WARNING - Missing wind component in dataset: "No variable named '10 metre U wind component'. Variables on the dataset include ['time', 'step', 'meanSea', 'latitude', 'longitude', 'valid_time', 'prmsl', 'mslet']"
2024-10-03 20:51:03,997 - DEBUG - Step 1: {'Time (s)': 3600, 'Latitude': 23.0, 'Longitude': 2.0, 'Altitude (m)': 113714019.30621682, 'X_Vel (m/s)': 0.0, 'Y_Vel (m/s)': 0.0, 'Z_Vel (m/s)': 31587.144251726895, 'Wind Direction (deg)': nan, 'Wind Frequency': nan}
2024-10-03 20:51:03,998 - INFO - Simulation terminated at step 1 due to altitude limits.
2024-10-03 20:51:04,003 - DEBUG - Balloon flight simulation completed.
2024-10-03 20:51:04,013 - INFO - Saved simulation results to data/output\motion_table.csv
2024-10-03 20:54:44,870 - DEBUG - Starting simulation with parameters: {'date_entry': '20241001', 'cycle_runtime': '12', 'forecast_hour': 24, 'gross_mass': 14.0, 'lift_gas_type': 'Hydrogen', 'max_volume_HAB_limit': 23.0, 'percent_He_scalar': 0.23, 'buoyant_force_scalar': 0.7, 'drag_coefficient_z': 245.0, 'launch_latitude': 23.0, 'launch_longitude': 2.0, 'alt_chosen': 300.0, 'number_forecasts': 24, 'motion_table_path': 'data/output'}
2024-10-03 20:54:49,306 - ERROR - Failed to load GRIB2 data: multiple values for unique key, try re-open the file with one of:
    filter_by_keys={'typeOfLevel': 'meanSea'}
    filter_by_keys={'typeOfLevel': 'hybrid'}
    filter_by_keys={'typeOfLevel': 'atmosphere'}
    filter_by_keys={'typeOfLevel': 'surface'}
    filter_by_keys={'typeOfLevel': 'planetaryBoundaryLayer'}
    filter_by_keys={'typeOfLevel': 'isobaricInPa'}
    filter_by_keys={'typeOfLevel': 'isobaricInhPa'}
    filter_by_keys={'typeOfLevel': 'heightAboveGround'}
    filter_by_keys={'typeOfLevel': 'depthBelowLandLayer'}
    filter_by_keys={'typeOfLevel': 'heightAboveSea'}
    filter_by_keys={'typeOfLevel': 'atmosphereSingleLayer'}
    filter_by_keys={'typeOfLevel': 'lowCloudLayer'}
    filter_by_keys={'typeOfLevel': 'middleCloudLayer'}
    filter_by_keys={'typeOfLevel': 'highCloudLayer'}
    filter_by_keys={'typeOfLevel': 'cloudCeiling'}
    filter_by_keys={'typeOfLevel': 'convectiveCloudBottom'}
    filter_by_keys={'typeOfLevel': 'lowCloudBottom'}
    filter_by_keys={'typeOfLevel': 'middleCloudBottom'}
    filter_by_keys={'typeOfLevel': 'highCloudBottom'}
    filter_by_keys={'typeOfLevel': 'convectiveCloudTop'}
    filter_by_keys={'typeOfLevel': 'lowCloudTop'}
    filter_by_keys={'typeOfLevel': 'middleCloudTop'}
    filter_by_keys={'typeOfLevel': 'highCloudTop'}
    filter_by_keys={'typeOfLevel': 'convectiveCloudLayer'}
    filter_by_keys={'typeOfLevel': 'boundaryLayerCloudLayer'}
    filter_by_keys={'typeOfLevel': 'nominalTop'}
    filter_by_keys={'typeOfLevel': 'heightAboveGroundLayer'}
    filter_by_keys={'typeOfLevel': 'tropopause'}
    filter_by_keys={'typeOfLevel': 'maxWind'}
    filter_by_keys={'typeOfLevel': 'isothermZero'}
    filter_by_keys={'typeOfLevel': 'highestTroposphericFreezing'}
    filter_by_keys={'typeOfLevel': 'pressureFromGroundLayer'}
    filter_by_keys={'typeOfLevel': 'sigmaLayer'}
    filter_by_keys={'typeOfLevel': 'sigma'}
    filter_by_keys={'typeOfLevel': 'potentialVorticity'}
2024-10-03 20:54:49,310 - ERROR - Simulation failed: multiple values for unique key, try re-open the file with one of:
    filter_by_keys={'typeOfLevel': 'meanSea'}
    filter_by_keys={'typeOfLevel': 'hybrid'}
    filter_by_keys={'typeOfLevel': 'atmosphere'}
    filter_by_keys={'typeOfLevel': 'surface'}
    filter_by_keys={'typeOfLevel': 'planetaryBoundaryLayer'}
    filter_by_keys={'typeOfLevel': 'isobaricInPa'}
    filter_by_keys={'typeOfLevel': 'isobaricInhPa'}
    filter_by_keys={'typeOfLevel': 'heightAboveGround'}
    filter_by_keys={'typeOfLevel': 'depthBelowLandLayer'}
    filter_by_keys={'typeOfLevel': 'heightAboveSea'}
    filter_by_keys={'typeOfLevel': 'atmosphereSingleLayer'}
    filter_by_keys={'typeOfLevel': 'lowCloudLayer'}
    filter_by_keys={'typeOfLevel': 'middleCloudLayer'}
    filter_by_keys={'typeOfLevel': 'highCloudLayer'}
    filter_by_keys={'typeOfLevel': 'cloudCeiling'}
    filter_by_keys={'typeOfLevel': 'convectiveCloudBottom'}
    filter_by_keys={'typeOfLevel': 'lowCloudBottom'}
    filter_by_keys={'typeOfLevel': 'middleCloudBottom'}
    filter_by_keys={'typeOfLevel': 'highCloudBottom'}
    filter_by_keys={'typeOfLevel': 'convectiveCloudTop'}
    filter_by_keys={'typeOfLevel': 'lowCloudTop'}
    filter_by_keys={'typeOfLevel': 'middleCloudTop'}
    filter_by_keys={'typeOfLevel': 'highCloudTop'}
    filter_by_keys={'typeOfLevel': 'convectiveCloudLayer'}
    filter_by_keys={'typeOfLevel': 'boundaryLayerCloudLayer'}
    filter_by_keys={'typeOfLevel': 'nominalTop'}
    filter_by_keys={'typeOfLevel': 'heightAboveGroundLayer'}
    filter_by_keys={'typeOfLevel': 'tropopause'}
    filter_by_keys={'typeOfLevel': 'maxWind'}
    filter_by_keys={'typeOfLevel': 'isothermZero'}
    filter_by_keys={'typeOfLevel': 'highestTroposphericFreezing'}
    filter_by_keys={'typeOfLevel': 'pressureFromGroundLayer'}
    filter_by_keys={'typeOfLevel': 'sigmaLayer'}
    filter_by_keys={'typeOfLevel': 'sigma'}
    filter_by_keys={'typeOfLevel': 'potentialVorticity'}
2024-10-03 21:00:01,224 - DEBUG - Starting simulation with parameters: {'date_entry': '20241001', 'cycle_runtime': '12', 'forecast_hour': 24, 'gross_mass': 14.0, 'lift_gas_type': 'Hydrogen', 'max_volume_HAB_limit': 6.0, 'percent_He_scalar': 0.23, 'buoyant_force_scalar': 0.7, 'drag_coefficient_z': 0.6, 'launch_latitude': 23.0, 'launch_longitude': 2.0, 'alt_chosen': 300.0, 'number_forecasts': 24, 'motion_table_path': 'data/output'}
2024-10-03 21:00:01,275 - ERROR - Failed to load GRIB2 data: multiple values for unique key, try re-open the file with one of:
    filter_by_keys={'typeOfLevel': 'meanSea'}
    filter_by_keys={'typeOfLevel': 'hybrid'}
    filter_by_keys={'typeOfLevel': 'atmosphere'}
    filter_by_keys={'typeOfLevel': 'surface'}
    filter_by_keys={'typeOfLevel': 'planetaryBoundaryLayer'}
    filter_by_keys={'typeOfLevel': 'isobaricInPa'}
    filter_by_keys={'typeOfLevel': 'isobaricInhPa'}
    filter_by_keys={'typeOfLevel': 'heightAboveGround'}
    filter_by_keys={'typeOfLevel': 'depthBelowLandLayer'}
    filter_by_keys={'typeOfLevel': 'heightAboveSea'}
    filter_by_keys={'typeOfLevel': 'atmosphereSingleLayer'}
    filter_by_keys={'typeOfLevel': 'lowCloudLayer'}
    filter_by_keys={'typeOfLevel': 'middleCloudLayer'}
    filter_by_keys={'typeOfLevel': 'highCloudLayer'}
    filter_by_keys={'typeOfLevel': 'cloudCeiling'}
    filter_by_keys={'typeOfLevel': 'convectiveCloudBottom'}
    filter_by_keys={'typeOfLevel': 'lowCloudBottom'}
    filter_by_keys={'typeOfLevel': 'middleCloudBottom'}
    filter_by_keys={'typeOfLevel': 'highCloudBottom'}
    filter_by_keys={'typeOfLevel': 'convectiveCloudTop'}
    filter_by_keys={'typeOfLevel': 'lowCloudTop'}
    filter_by_keys={'typeOfLevel': 'middleCloudTop'}
    filter_by_keys={'typeOfLevel': 'highCloudTop'}
    filter_by_keys={'typeOfLevel': 'convectiveCloudLayer'}
    filter_by_keys={'typeOfLevel': 'boundaryLayerCloudLayer'}
    filter_by_keys={'typeOfLevel': 'nominalTop'}
    filter_by_keys={'typeOfLevel': 'heightAboveGroundLayer'}
    filter_by_keys={'typeOfLevel': 'tropopause'}
    filter_by_keys={'typeOfLevel': 'maxWind'}
    filter_by_keys={'typeOfLevel': 'isothermZero'}
    filter_by_keys={'typeOfLevel': 'highestTroposphericFreezing'}
    filter_by_keys={'typeOfLevel': 'pressureFromGroundLayer'}
    filter_by_keys={'typeOfLevel': 'sigmaLayer'}
    filter_by_keys={'typeOfLevel': 'sigma'}
    filter_by_keys={'typeOfLevel': 'potentialVorticity'}
2024-10-03 21:00:01,278 - ERROR - Simulation failed: multiple values for unique key, try re-open the file with one of:
    filter_by_keys={'typeOfLevel': 'meanSea'}
    filter_by_keys={'typeOfLevel': 'hybrid'}
    filter_by_keys={'typeOfLevel': 'atmosphere'}
    filter_by_keys={'typeOfLevel': 'surface'}
    filter_by_keys={'typeOfLevel': 'planetaryBoundaryLayer'}
    filter_by_keys={'typeOfLevel': 'isobaricInPa'}
    filter_by_keys={'typeOfLevel': 'isobaricInhPa'}
    filter_by_keys={'typeOfLevel': 'heightAboveGround'}
    filter_by_keys={'typeOfLevel': 'depthBelowLandLayer'}
    filter_by_keys={'typeOfLevel': 'heightAboveSea'}
    filter_by_keys={'typeOfLevel': 'atmosphereSingleLayer'}
    filter_by_keys={'typeOfLevel': 'lowCloudLayer'}
    filter_by_keys={'typeOfLevel': 'middleCloudLayer'}
    filter_by_keys={'typeOfLevel': 'highCloudLayer'}
    filter_by_keys={'typeOfLevel': 'cloudCeiling'}
    filter_by_keys={'typeOfLevel': 'convectiveCloudBottom'}
    filter_by_keys={'typeOfLevel': 'lowCloudBottom'}
    filter_by_keys={'typeOfLevel': 'middleCloudBottom'}
    filter_by_keys={'typeOfLevel': 'highCloudBottom'}
    filter_by_keys={'typeOfLevel': 'convectiveCloudTop'}
    filter_by_keys={'typeOfLevel': 'lowCloudTop'}
    filter_by_keys={'typeOfLevel': 'middleCloudTop'}
    filter_by_keys={'typeOfLevel': 'highCloudTop'}
    filter_by_keys={'typeOfLevel': 'convectiveCloudLayer'}
    filter_by_keys={'typeOfLevel': 'boundaryLayerCloudLayer'}
    filter_by_keys={'typeOfLevel': 'nominalTop'}
    filter_by_keys={'typeOfLevel': 'heightAboveGroundLayer'}
    filter_by_keys={'typeOfLevel': 'tropopause'}
    filter_by_keys={'typeOfLevel': 'maxWind'}
    filter_by_keys={'typeOfLevel': 'isothermZero'}
    filter_by_keys={'typeOfLevel': 'highestTroposphericFreezing'}
    filter_by_keys={'typeOfLevel': 'pressureFromGroundLayer'}
    filter_by_keys={'typeOfLevel': 'sigmaLayer'}
    filter_by_keys={'typeOfLevel': 'sigma'}
    filter_by_keys={'typeOfLevel': 'potentialVorticity'}
2024-10-03 21:00:33,070 - DEBUG - Starting simulation with parameters: {'date_entry': '20241001', 'cycle_runtime': '00', 'forecast_hour': 24, 'gross_mass': 14.0, 'lift_gas_type': 'Helium', 'max_volume_HAB_limit': 6.0, 'percent_He_scalar': 0.23, 'buoyant_force_scalar': 0.7, 'drag_coefficient_z': 0.6, 'launch_latitude': 23.0, 'launch_longitude': 2.0, 'alt_chosen': 300.0, 'number_forecasts': 24, 'motion_table_path': 'data/output'}
2024-10-03 21:00:33,072 - ERROR - Atmospheric data file gfs.t00z.pgrb2.0p25.f024 not found. Please ensure the file is downloaded.
2024-10-03 21:00:33,076 - ERROR - Simulation failed: Atmospheric data file gfs.t00z.pgrb2.0p25.f024 not found.
2024-10-03 21:01:49,807 - DEBUG - Starting simulation with parameters: {'date_entry': '20241001', 'cycle_runtime': '12', 'forecast_hour': 24, 'gross_mass': 14.0, 'lift_gas_type': 'Hydrogen', 'max_volume_HAB_limit': 6.0, 'percent_He_scalar': 0.23, 'buoyant_force_scalar': 0.7, 'drag_coefficient_z': 0.6, 'launch_latitude': 23.0, 'launch_longitude': 2.0, 'alt_chosen': 300.0, 'number_forecasts': 24, 'motion_table_path': 'data/output'}
2024-10-03 21:01:54,191 - DEBUG - Loaded dataset for typeOfLevel: sfc
2024-10-03 21:01:58,206 - DEBUG - Loaded dataset for typeOfLevel: meanSea
2024-10-03 21:02:00,741 - DEBUG - Loaded dataset for typeOfLevel: 10m
2024-10-03 21:02:00,745 - INFO - Merged 3 datasets from different typeOfLevel(s).
2024-10-03 21:02:00,749 - DEBUG - Dataset variables after merging: ['prmsl', 'mslet']
2024-10-03 21:02:00,753 - DEBUG - Mass of gas: 13.9 kg, Volume of gas: 154.53216356490785 m³, Moles of gas: 6894.84126984127 mol, Mass of structure: 0.1 kg
2024-10-03 21:02:00,755 - DEBUG - Starting balloon flight simulation.
2024-10-03 21:02:00,757 - WARNING - Missing variable in dataset: "No variable named 'Temperature'. Variables on the dataset include ['time', 'step', 'meanSea', 'latitude', 'longitude', 'valid_time', 'prmsl', 'mslet']"
2024-10-03 21:02:00,760 - WARNING - Failed to retrieve atmospheric conditions: "No variable named 'Temperature'. Variables on the dataset include ['time', 'step', 'meanSea', 'latitude', 'longitude', 'valid_time', 'prmsl', 'mslet']". Using standard atmosphere model.
2024-10-03 21:02:00,763 - DEBUG - Standard atmosphere at 300.0m: Temp=286.2K, Pressure=105006.53502877092Pa, Air Density=1.2781715521888288kg/m³
2024-10-03 21:02:00,766 - WARNING - Missing wind component in dataset: "No variable named '10 metre U wind component'. Variables on the dataset include ['time', 'step', 'meanSea', 'latitude', 'longitude', 'valid_time', 'prmsl', 'mslet']"
2024-10-03 21:02:00,769 - WARNING - Missing wind component in dataset: "No variable named '10 metre U wind component'. Variables on the dataset include ['time', 'step', 'meanSea', 'latitude', 'longitude', 'valid_time', 'prmsl', 'mslet']"
2024-10-03 21:02:00,774 - DEBUG - Step 1: {'Time (s)': 3600, 'Latitude': 23.0, 'Longitude': 2.0, 'Altitude (m)': 113714019.30621682, 'X_Vel (m/s)': 0.0, 'Y_Vel (m/s)': 0.0, 'Z_Vel (m/s)': 31587.144251726895, 'Wind Direction (deg)': nan, 'Wind Frequency': nan}
2024-10-03 21:02:00,774 - INFO - Simulation terminated at step 1 due to altitude limits.
2024-10-03 21:02:00,778 - DEBUG - Balloon flight simulation completed.
2024-10-03 21:02:00,788 - INFO - Saved simulation results to data/output\motion_table.csv
2024-10-03 21:11:55,325 - DEBUG - Starting simulation with parameters: {'date_entry': '20241001', 'cycle_runtime': '12', 'forecast_hour': 24, 'gross_mass': 14.0, 'lift_gas_type': 'Helium', 'max_volume_HAB_limit': 6.0, 'percent_He_scalar': 0.23, 'buoyant_force_scalar': 0.7, 'drag_coefficient_z': 0.47, 'launch_latitude': 23.0, 'launch_longitude': 2.0, 'alt_chosen': 300.0, 'number_forecasts': 24, 'motion_table_path': 'data/output'}
2024-10-03 21:11:58,776 - DEBUG - Loaded dataset for typeOfLevel: sfc
2024-10-03 21:12:02,949 - DEBUG - Loaded dataset for typeOfLevel: meanSea
2024-10-03 21:12:05,203 - DEBUG - Loaded dataset for typeOfLevel: 10m
2024-10-03 21:12:07,461 - DEBUG - Loaded dataset for typeOfLevel: 2m
2024-10-03 21:12:07,463 - INFO - Merged 4 datasets from different typeOfLevel(s).
2024-10-03 21:12:07,469 - DEBUG - Dataset variables after merging: ['prmsl', 'mslet']
2024-10-03 21:12:07,472 - DEBUG - Mass of gas: 13.9 kg, Volume of gas: 77.83361858463353 m³, Moles of gas: 3472.742717233798 mol, Mass of structure: 0.1 kg, Gas Density: 0.17858606926884213 kg/m³
2024-10-03 21:12:07,474 - DEBUG - Starting balloon flight simulation.
2024-10-03 21:12:07,476 - WARNING - Missing variable in dataset: "Missing variable 'Temperature' in the dataset."
2024-10-03 21:12:07,479 - WARNING - Failed to retrieve atmospheric conditions: "Missing variable 'Temperature' in the dataset.". Using standard atmosphere model.
2024-10-03 21:12:07,481 - DEBUG - Standard atmosphere at 300.0m: Temp=286.2K, Pressure=105006.53502877092Pa, Air Density=1.2781715521888288kg/m³
2024-10-03 21:12:07,486 - WARNING - Missing wind component in dataset: "No variable named '10 metre U wind component'. Variables on the dataset include ['time', 'step', 'meanSea', 'latitude', 'longitude', 'valid_time', 'prmsl', 'mslet']"
2024-10-03 21:12:07,488 - WARNING - Missing wind component in dataset: "No variable named '10 metre U wind component'. Variables on the dataset include ['time', 'step', 'meanSea', 'latitude', 'longitude', 'valid_time', 'prmsl', 'mslet']"
2024-10-03 21:12:07,490 - DEBUG - Step 1: {'Time (s)': 3600, 'Latitude': 23.0, 'Longitude': 2.0, 'Altitude (m)': 108773198100.00226, 'X_Vel (m/s)': 0.0, 'Y_Vel (m/s)': 0.0, 'Z_Vel (m/s)': 30214777.166667294, 'Wind Direction (deg)': nan, 'Wind Frequency': nan}
2024-10-03 21:12:07,493 - INFO - Simulation terminated at step 1 due to altitude limits.
2024-10-03 21:12:07,496 - DEBUG - Balloon flight simulation completed.
2024-10-03 21:12:07,507 - INFO - Saved simulation results to data/output\motion_table.csv
2024-10-05 18:53:20,162 - INFO - [31m[1mWARNING: This is a development server. Do not use it in a production deployment. Use a production WSGI server instead.[0m
 * Running on http://127.0.0.1:5000
2024-10-05 18:53:20,163 - INFO - [33mPress CTRL+C to quit[0m
2024-10-05 18:53:20,185 - INFO -  * Restarting with watchdog (windowsapi)
2024-10-05 18:53:23,632 - WARNING -  * Debugger is active!
2024-10-05 18:53:23,640 - INFO -  * Debugger PIN: 573-224-220
2024-10-05 18:53:24,809 - INFO - 127.0.0.1 - - [05/Oct/2024 18:53:24] "GET / HTTP/1.1" 200 -
2024-10-05 18:53:24,944 - INFO - 127.0.0.1 - - [05/Oct/2024 18:53:24] "[36mGET /static/css/style.css HTTP/1.1[0m" 304 -
2024-10-05 18:53:25,057 - INFO - 127.0.0.1 - - [05/Oct/2024 18:53:25] "[36mGET /static/js/main.js HTTP/1.1[0m" 304 -
2024-10-05 18:53:50,348 - DEBUG - Received form data: {'date_entry': '20241001', 'cycle_runtime': '12', 'forecast_hour': '24', 'gross_mass': '14', 'lift_gas_type': 'Hydrogen', 'max_volume_HAB_limit': '3', 'percent_lift_gas_scalar': '15', 'buoyant_force_scalar': '1', 'drag_coefficient_z': '.47', 'launch_latitude': '23.000000', 'launch_longitude': '42.000000', 'alt_chosen': '10', 'number_forecasts': '21', 'parachute_drag_coefficient': '1', 'parachute_area': '1'}
2024-10-05 18:53:50,348 - DEBUG - Parsed parameters: {'date_entry': '20241001', 'cycle_runtime': '12', 'forecast_hour': 24, 'gross_mass': 14.0, 'lift_gas_type': 'Hydrogen', 'max_volume_HAB_limit': 3.0, 'percent_lift_gas_scalar': 15.0, 'buoyant_force_scalar': 1.0, 'drag_coefficient_z': 0.47, 'launch_latitude': 23.0, 'launch_longitude': 42.0, 'alt_chosen': 10.0, 'number_forecasts': 21, 'parachute_drag_coefficient': 1.0, 'parachute_area': 1.0, 'motion_table_path': 'data\\output'}
2024-10-05 18:53:50,349 - ERROR - Missing simulation parameter: 'n_gas'
2024-10-05 18:53:50,349 - ERROR - Simulation encountered an error: Missing simulation parameter: 'n_gas'
2024-10-05 18:53:50,350 - ERROR - Simulation failed: Missing simulation parameter: 'n_gas'
2024-10-05 18:53:50,351 - INFO - 127.0.0.1 - - [05/Oct/2024 18:53:50] "[35m[1mPOST /predict HTTP/1.1[0m" 500 -
2024-10-05 18:58:23,682 - INFO -  * Detected change in 'C:\\Users\\jwest\\OneDrive\\Documents\\Desktop\\Simulator\\app.py', reloading
2024-10-05 18:58:23,711 - INFO -  * Detected change in 'C:\\Users\\jwest\\OneDrive\\Documents\\Desktop\\Simulator\\app.py', reloading
2024-10-05 18:58:23,712 - INFO -  * Detected change in 'C:\\Users\\jwest\\OneDrive\\Documents\\Desktop\\Simulator\\simulation.py', reloading
2024-10-05 18:58:23,713 - INFO -  * Detected change in 'C:\\Users\\jwest\\OneDrive\\Documents\\Desktop\\Simulator\\app.py', reloading
2024-10-05 18:58:23,715 - INFO -  * Detected change in 'C:\\Users\\jwest\\OneDrive\\Documents\\Desktop\\Simulator\\simulation.py', reloading
2024-10-05 18:58:24,154 - INFO -  * Restarting with watchdog (windowsapi)
2024-10-05 18:58:28,566 - WARNING -  * Debugger is active!
2024-10-05 18:58:28,574 - INFO -  * Debugger PIN: 573-224-220
2024-10-05 18:58:30,155 - INFO - 127.0.0.1 - - [05/Oct/2024 18:58:30] "GET / HTTP/1.1" 200 -
2024-10-05 18:58:30,288 - INFO - 127.0.0.1 - - [05/Oct/2024 18:58:30] "[36mGET /static/css/style.css HTTP/1.1[0m" 304 -
2024-10-05 18:58:30,394 - INFO - 127.0.0.1 - - [05/Oct/2024 18:58:30] "[36mGET /static/js/main.js HTTP/1.1[0m" 304 -
2024-10-05 18:58:48,754 - INFO -  * Detected change in 'C:\\Users\\jwest\\OneDrive\\Documents\\Desktop\\Simulator\\app.py', reloading
2024-10-05 18:58:48,755 - INFO -  * Detected change in 'C:\\Users\\jwest\\OneDrive\\Documents\\Desktop\\Simulator\\app.py', reloading
2024-10-05 18:58:48,838 - INFO -  * Detected change in 'C:\\Users\\jwest\\OneDrive\\Documents\\Desktop\\Simulator\\simulation.py', reloading
2024-10-05 18:58:48,840 - INFO -  * Detected change in 'C:\\Users\\jwest\\OneDrive\\Documents\\Desktop\\Simulator\\simulation.py', reloading
2024-10-05 18:58:49,956 - INFO -  * Restarting with watchdog (windowsapi)
2024-10-05 18:58:53,482 - WARNING -  * Debugger is active!
2024-10-05 18:58:53,489 - INFO -  * Debugger PIN: 573-224-220
2024-10-05 18:59:08,741 - DEBUG - Received form data: {'date_entry': '20241001', 'cycle_runtime': '06', 'forecast_hour': '24', 'gross_mass': '14', 'lift_gas_type': 'Hydrogen', 'max_volume_HAB_limit': '3', 'percent_lift_gas_scalar': '.15', 'buoyant_force_scalar': '1', 'drag_coefficient_z': '.47', 'launch_latitude': '23.000000', 'launch_longitude': '42.000000', 'alt_chosen': '10', 'number_forecasts': '24', 'parachute_drag_coefficient': '1', 'parachute_area': '1'}
2024-10-05 18:59:08,743 - DEBUG - Parsed parameters: {'date_entry': '20241001', 'cycle_runtime': '06', 'forecast_hour': 24, 'gross_mass': 14.0, 'lift_gas_type': 'Hydrogen', 'max_volume_HAB_limit': 3.0, 'percent_lift_gas_scalar': 0.15, 'buoyant_force_scalar': 1.0, 'drag_coefficient_z': 0.47, 'launch_latitude': 23.0, 'launch_longitude': 42.0, 'alt_chosen': 10.0, 'number_forecasts': 24, 'parachute_drag_coefficient': 1.0, 'parachute_area': 1.0, 'motion_table_path': 'data\\output'}
2024-10-05 18:59:08,744 - ERROR - GRIB file does not exist at path: data\atmospheric_data\gfs.t06z.pgrb2.0p25.f024.grib2
2024-10-05 18:59:08,745 - ERROR - Simulation failed: GRIB file does not exist at path: data\atmospheric_data\gfs.t06z.pgrb2.0p25.f024.grib2
2024-10-05 18:59:08,746 - INFO - 127.0.0.1 - - [05/Oct/2024 18:59:08] "[35m[1mPOST /predict HTTP/1.1[0m" 500 -
2024-10-05 19:03:09,307 - INFO -  * Detected change in 'C:\\Users\\jwest\\OneDrive\\Documents\\Desktop\\Simulator\\inspect_grib_variables.py', reloading
2024-10-05 19:03:10,126 - INFO -  * Restarting with watchdog (windowsapi)
2024-10-05 19:03:13,887 - WARNING -  * Debugger is active!
2024-10-05 19:03:13,896 - INFO -  * Debugger PIN: 573-224-220
2024-10-05 19:20:18,390 - INFO -  * Detected change in 'C:\\Users\\jwest\\OneDrive\\Documents\\Desktop\\Simulator\\app.py', reloading
2024-10-05 19:20:18,428 - INFO -  * Detected change in 'C:\\Users\\jwest\\OneDrive\\Documents\\Desktop\\Simulator\\app.py', reloading
2024-10-05 19:20:18,450 - INFO -  * Detected change in 'C:\\Users\\jwest\\OneDrive\\Documents\\Desktop\\Simulator\\simulation.py', reloading
2024-10-05 19:20:18,463 - INFO -  * Detected change in 'C:\\Users\\jwest\\OneDrive\\Documents\\Desktop\\Simulator\\data_downloader.py', reloading
2024-10-05 19:20:18,479 - INFO -  * Detected change in 'C:\\Users\\jwest\\OneDrive\\Documents\\Desktop\\Simulator\\simulation.py', reloading
2024-10-05 19:20:18,486 - INFO -  * Detected change in 'C:\\Users\\jwest\\OneDrive\\Documents\\Desktop\\Simulator\\data_downloader.py', reloading
2024-10-05 19:20:19,258 - INFO -  * Restarting with watchdog (windowsapi)
2024-10-05 19:31:58,718 - DEBUG - Available pressure levels (hPa): [1, 2, 3, 5, 7, 10, 15, 20, 30, 40, 50, 70, 100, 150, 200, 250, 300, 350, 400, 450, 500, 550, 600, 650, 700, 750, 800, 850, 900, 925, 950, 975, 1000]
2024-10-05 19:32:02,302 - DEBUG - Extracted Geopotential height at 300 hPa
2024-10-05 19:32:02,333 - DEBUG - Extracted Temperature at 300 hPa
2024-10-05 19:32:02,363 - DEBUG - Extracted Relative humidity at 300 hPa
2024-10-05 19:32:02,403 - DEBUG - Extracted Specific humidity at 300 hPa
2024-10-05 19:32:02,438 - DEBUG - Extracted U component of wind at 300 hPa
2024-10-05 19:32:02,474 - DEBUG - Extracted V component of wind at 300 hPa
2024-10-05 19:32:02,720 - DEBUG - Extracted Geopotential height at 500 hPa
2024-10-05 19:32:02,746 - DEBUG - Extracted Temperature at 500 hPa
2024-10-05 19:32:02,775 - DEBUG - Extracted Relative humidity at 500 hPa
2024-10-05 19:32:02,806 - DEBUG - Extracted Specific humidity at 500 hPa
2024-10-05 19:32:02,844 - DEBUG - Extracted U component of wind at 500 hPa
2024-10-05 19:32:02,870 - DEBUG - Extracted V component of wind at 500 hPa
2024-10-05 19:32:03,088 - DEBUG - Extracted Geopotential height at 700 hPa
2024-10-05 19:32:03,114 - DEBUG - Extracted Temperature at 700 hPa
2024-10-05 19:32:03,141 - DEBUG - Extracted Relative humidity at 700 hPa
2024-10-05 19:32:03,173 - DEBUG - Extracted Specific humidity at 700 hPa
2024-10-05 19:32:03,212 - DEBUG - Extracted U component of wind at 700 hPa
2024-10-05 19:32:03,239 - DEBUG - Extracted V component of wind at 700 hPa
2024-10-05 19:32:03,412 - DEBUG - Extracted Geopotential height at 850 hPa
2024-10-05 19:32:03,438 - DEBUG - Extracted Temperature at 850 hPa
2024-10-05 19:32:03,468 - DEBUG - Extracted Relative humidity at 850 hPa
2024-10-05 19:32:03,506 - DEBUG - Extracted Specific humidity at 850 hPa
2024-10-05 19:32:03,542 - DEBUG - Extracted U component of wind at 850 hPa
2024-10-05 19:32:03,568 - DEBUG - Extracted V component of wind at 850 hPa
2024-10-05 19:32:03,684 - DEBUG - Extracted Geopotential height at 925 hPa
2024-10-05 19:32:03,711 - DEBUG - Extracted Temperature at 925 hPa
2024-10-05 19:32:03,739 - DEBUG - Extracted Relative humidity at 925 hPa
2024-10-05 19:32:03,773 - DEBUG - Extracted Specific humidity at 925 hPa
2024-10-05 19:32:03,809 - DEBUG - Extracted U component of wind at 925 hPa
2024-10-05 19:32:03,834 - DEBUG - Extracted V component of wind at 925 hPa
2024-10-05 19:32:04,035 - DEBUG - Extracted Temperature at 1000 hPa
2024-10-05 19:32:04,063 - DEBUG - Extracted Relative humidity at 1000 hPa
2024-10-05 19:32:04,094 - DEBUG - Extracted Specific humidity at 1000 hPa
2024-10-05 19:32:04,135 - DEBUG - Extracted U component of wind at 1000 hPa
2024-10-05 19:32:04,166 - DEBUG - Extracted V component of wind at 1000 hPa
2024-10-05 19:32:04,221 - DEBUG - Extracted Geopotential height at 1000 hPa
2024-10-05 19:32:04,865 - ERROR - Missing simulation parameter: 'ascent_rate'
2024-10-06 13:00:37,469 - DEBUG - Available pressure levels (hPa): [1, 2, 3, 5, 7, 10, 15, 20, 30, 40, 50, 70, 100, 150, 200, 250, 300, 350, 400, 450, 500, 550, 600, 650, 700, 750, 800, 850, 900, 925, 950, 975, 1000]
2024-10-06 13:00:40,613 - DEBUG - Extracted Geopotential height at 300 hPa
2024-10-06 13:00:40,638 - DEBUG - Extracted Temperature at 300 hPa
2024-10-06 13:00:40,667 - DEBUG - Extracted Relative humidity at 300 hPa
2024-10-06 13:00:40,700 - DEBUG - Extracted Specific humidity at 300 hPa
2024-10-06 13:00:40,735 - DEBUG - Extracted U component of wind at 300 hPa
2024-10-06 13:00:40,764 - DEBUG - Extracted V component of wind at 300 hPa
2024-10-06 13:00:41,141 - DEBUG - Extracted Geopotential height at 500 hPa
2024-10-06 13:00:41,201 - DEBUG - Extracted Temperature at 500 hPa
2024-10-06 13:00:41,240 - DEBUG - Extracted Relative humidity at 500 hPa
2024-10-06 13:00:41,283 - DEBUG - Extracted Specific humidity at 500 hPa
2024-10-06 13:00:41,327 - DEBUG - Extracted U component of wind at 500 hPa
2024-10-06 13:00:41,365 - DEBUG - Extracted V component of wind at 500 hPa
2024-10-06 13:00:41,658 - DEBUG - Extracted Geopotential height at 700 hPa
2024-10-06 13:00:41,687 - DEBUG - Extracted Temperature at 700 hPa
2024-10-06 13:00:41,715 - DEBUG - Extracted Relative humidity at 700 hPa
2024-10-06 13:00:41,747 - DEBUG - Extracted Specific humidity at 700 hPa
2024-10-06 13:00:41,795 - DEBUG - Extracted U component of wind at 700 hPa
2024-10-06 13:00:41,822 - DEBUG - Extracted V component of wind at 700 hPa
2024-10-06 13:00:41,989 - DEBUG - Extracted Geopotential height at 850 hPa
2024-10-06 13:00:42,020 - DEBUG - Extracted Temperature at 850 hPa
2024-10-06 13:00:42,049 - DEBUG - Extracted Relative humidity at 850 hPa
2024-10-06 13:00:42,086 - DEBUG - Extracted Specific humidity at 850 hPa
2024-10-06 13:00:42,127 - DEBUG - Extracted U component of wind at 850 hPa
2024-10-06 13:00:42,160 - DEBUG - Extracted V component of wind at 850 hPa
2024-10-06 13:00:42,280 - DEBUG - Extracted Geopotential height at 925 hPa
2024-10-06 13:00:42,308 - DEBUG - Extracted Temperature at 925 hPa
2024-10-06 13:00:42,338 - DEBUG - Extracted Relative humidity at 925 hPa
2024-10-06 13:00:42,367 - DEBUG - Extracted Specific humidity at 925 hPa
2024-10-06 13:00:42,403 - DEBUG - Extracted U component of wind at 925 hPa
2024-10-06 13:00:42,429 - DEBUG - Extracted V component of wind at 925 hPa
2024-10-06 13:00:42,596 - DEBUG - Extracted Temperature at 1000 hPa
2024-10-06 13:00:42,627 - DEBUG - Extracted Relative humidity at 1000 hPa
2024-10-06 13:00:42,668 - DEBUG - Extracted Specific humidity at 1000 hPa
2024-10-06 13:00:42,714 - DEBUG - Extracted U component of wind at 1000 hPa
2024-10-06 13:00:42,744 - DEBUG - Extracted V component of wind at 1000 hPa
2024-10-06 13:00:42,805 - DEBUG - Extracted Geopotential height at 1000 hPa
2024-10-06 13:00:43,427 - DEBUG - Starting balloon flight simulation.
2024-10-06 13:00:43,434 - DEBUG - Time 0s: {'Time (s)': 0, 'Latitude': 22.999987647020866, 'Longitude': 42.00010352140918, 'Altitude (m)': 150.0, 'X_Vel (m/s)': -0.0458377879121156, 'Y_Vel (m/s)': 0.3535966980478982, 'Z_Vel (m/s)': 5.0, 'Wind Direction (deg)': 97.38623102073831, 'Wind Speed (m/s)': 0.35655536410360256, 'Temperature (K)': 282.1050824195273, 'Pressure (hPa)': 1000, 'Balloon Popped': False, 'Parachute Deployed': False}
2024-10-06 13:00:43,442 - INFO - Parachute deployed at altitude 150.00 m and time 30s.
2024-10-06 13:00:43,443 - INFO - Balloon landed at time 30s at location (22.999975294041732, 42.00020704280889).
2024-10-06 13:00:43,445 - DEBUG - Time 30s: {'Time (s)': 30, 'Latitude': 22.999975294041732, 'Longitude': 42.00020704280889, 'Altitude (m)': 0, 'X_Vel (m/s)': -0.0458377879121156, 'Y_Vel (m/s)': 0.3535966980478982, 'Z_Vel (m/s)': -5.0, 'Wind Direction (deg)': 97.38623102073831, 'Wind Speed (m/s)': 0.35655536410360256, 'Temperature (K)': 282.1050824195273, 'Pressure (hPa)': 1000, 'Balloon Popped': True, 'Parachute Deployed': True}
2024-10-06 13:00:44,421 - INFO - Flight trajectory plot saved to data/output\flight_trajectory.png
2024-10-06 13:01:28,199 - DEBUG - Available pressure levels (hPa): [1, 2, 3, 5, 7, 10, 15, 20, 30, 40, 50, 70, 100, 150, 200, 250, 300, 350, 400, 450, 500, 550, 600, 650, 700, 750, 800, 850, 900, 925, 950, 975, 1000]
2024-10-06 13:01:30,836 - DEBUG - Extracted Geopotential height at 300 hPa
2024-10-06 13:01:30,859 - DEBUG - Extracted Temperature at 300 hPa
2024-10-06 13:01:30,883 - DEBUG - Extracted Relative humidity at 300 hPa
2024-10-06 13:01:30,910 - DEBUG - Extracted Specific humidity at 300 hPa
2024-10-06 13:01:30,943 - DEBUG - Extracted U component of wind at 300 hPa
2024-10-06 13:01:30,966 - DEBUG - Extracted V component of wind at 300 hPa
2024-10-06 13:01:31,169 - DEBUG - Extracted Geopotential height at 500 hPa
2024-10-06 13:01:31,193 - DEBUG - Extracted Temperature at 500 hPa
2024-10-06 13:01:31,216 - DEBUG - Extracted Relative humidity at 500 hPa
2024-10-06 13:01:31,244 - DEBUG - Extracted Specific humidity at 500 hPa
2024-10-06 13:01:31,279 - DEBUG - Extracted U component of wind at 500 hPa
2024-10-06 13:01:31,302 - DEBUG - Extracted V component of wind at 500 hPa
2024-10-06 13:01:31,477 - DEBUG - Extracted Geopotential height at 700 hPa
2024-10-06 13:01:31,498 - DEBUG - Extracted Temperature at 700 hPa
2024-10-06 13:01:31,522 - DEBUG - Extracted Relative humidity at 700 hPa
2024-10-06 13:01:31,548 - DEBUG - Extracted Specific humidity at 700 hPa
2024-10-06 13:01:31,579 - DEBUG - Extracted U component of wind at 700 hPa
2024-10-06 13:01:31,604 - DEBUG - Extracted V component of wind at 700 hPa
2024-10-06 13:01:31,733 - DEBUG - Extracted Geopotential height at 850 hPa
2024-10-06 13:01:31,756 - DEBUG - Extracted Temperature at 850 hPa
2024-10-06 13:01:31,779 - DEBUG - Extracted Relative humidity at 850 hPa
2024-10-06 13:01:31,807 - DEBUG - Extracted Specific humidity at 850 hPa
2024-10-06 13:01:31,840 - DEBUG - Extracted U component of wind at 850 hPa
2024-10-06 13:01:31,863 - DEBUG - Extracted V component of wind at 850 hPa
2024-10-06 13:01:31,959 - DEBUG - Extracted Geopotential height at 925 hPa
2024-10-06 13:01:31,982 - DEBUG - Extracted Temperature at 925 hPa
2024-10-06 13:01:32,008 - DEBUG - Extracted Relative humidity at 925 hPa
2024-10-06 13:01:32,036 - DEBUG - Extracted Specific humidity at 925 hPa
2024-10-06 13:01:32,071 - DEBUG - Extracted U component of wind at 925 hPa
2024-10-06 13:01:32,094 - DEBUG - Extracted V component of wind at 925 hPa
2024-10-06 13:01:32,239 - DEBUG - Extracted Temperature at 1000 hPa
2024-10-06 13:01:32,263 - DEBUG - Extracted Relative humidity at 1000 hPa
2024-10-06 13:01:32,294 - DEBUG - Extracted Specific humidity at 1000 hPa
2024-10-06 13:01:32,327 - DEBUG - Extracted U component of wind at 1000 hPa
2024-10-06 13:01:32,354 - DEBUG - Extracted V component of wind at 1000 hPa
2024-10-06 13:01:32,402 - DEBUG - Extracted Geopotential height at 1000 hPa
2024-10-06 13:01:32,960 - DEBUG - Starting balloon flight simulation.
2024-10-06 13:01:32,966 - DEBUG - Time 0s: {'Time (s)': 0, 'Latitude': 23.094878647020867, 'Longitude': 42.4251825943779, 'Altitude (m)': 150.0, 'X_Vel (m/s)': -0.0458377879121156, 'Y_Vel (m/s)': 0.3535966980478982, 'Z_Vel (m/s)': 5.0, 'Wind Direction (deg)': 97.38623102073831, 'Wind Speed (m/s)': 0.35655536410360256, 'Temperature (K)': 282.1050824195273, 'Pressure (hPa)': 1000, 'Balloon Popped': False, 'Parachute Deployed': False}
2024-10-06 13:01:32,974 - INFO - Parachute deployed at altitude 150.00 m and time 30s.
2024-10-06 13:01:32,975 - INFO - Balloon landed at time 30s at location (23.094866294041733, 42.42528618874628).
2024-10-06 13:01:32,977 - DEBUG - Time 30s: {'Time (s)': 30, 'Latitude': 23.094866294041733, 'Longitude': 42.42528618874628, 'Altitude (m)': 0, 'X_Vel (m/s)': -0.0458377879121156, 'Y_Vel (m/s)': 0.3535966980478982, 'Z_Vel (m/s)': -5.0, 'Wind Direction (deg)': 97.38623102073831, 'Wind Speed (m/s)': 0.35655536410360256, 'Temperature (K)': 282.1050824195273, 'Pressure (hPa)': 1000, 'Balloon Popped': True, 'Parachute Deployed': True}
2024-10-06 13:01:33,203 - INFO - Flight trajectory plot saved to data/output\flight_trajectory.png
2024-10-06 13:07:09,996 - DEBUG - Extracted Geopotential height at 300 hPa
2024-10-06 13:07:10,032 - DEBUG - Extracted Temperature at 300 hPa
2024-10-06 13:07:10,061 - DEBUG - Extracted Relative humidity at 300 hPa
2024-10-06 13:07:10,095 - DEBUG - Extracted Specific humidity at 300 hPa
2024-10-06 13:07:10,132 - DEBUG - Extracted U component of wind at 300 hPa
2024-10-06 13:07:10,157 - DEBUG - Extracted V component of wind at 300 hPa
2024-10-06 13:07:10,350 - DEBUG - Extracted Geopotential height at 500 hPa
2024-10-06 13:07:10,376 - DEBUG - Extracted Temperature at 500 hPa
2024-10-06 13:07:10,402 - DEBUG - Extracted Relative humidity at 500 hPa
2024-10-06 13:07:10,436 - DEBUG - Extracted Specific humidity at 500 hPa
2024-10-06 13:07:10,477 - DEBUG - Extracted U component of wind at 500 hPa
2024-10-06 13:07:10,506 - DEBUG - Extracted V component of wind at 500 hPa
2024-10-06 13:07:10,756 - DEBUG - Extracted Geopotential height at 700 hPa
2024-10-06 13:07:10,783 - DEBUG - Extracted Temperature at 700 hPa
2024-10-06 13:07:10,810 - DEBUG - Extracted Relative humidity at 700 hPa
2024-10-06 13:07:10,839 - DEBUG - Extracted Specific humidity at 700 hPa
2024-10-06 13:07:10,873 - DEBUG - Extracted U component of wind at 700 hPa
2024-10-06 13:07:10,897 - DEBUG - Extracted V component of wind at 700 hPa
2024-10-06 13:07:11,031 - DEBUG - Extracted Geopotential height at 850 hPa
2024-10-06 13:07:11,054 - DEBUG - Extracted Temperature at 850 hPa
2024-10-06 13:07:11,080 - DEBUG - Extracted Relative humidity at 850 hPa
2024-10-06 13:07:11,111 - DEBUG - Extracted Specific humidity at 850 hPa
2024-10-06 13:07:11,149 - DEBUG - Extracted U component of wind at 850 hPa
2024-10-06 13:07:11,178 - DEBUG - Extracted V component of wind at 850 hPa
2024-10-06 13:07:11,281 - DEBUG - Extracted Geopotential height at 925 hPa
2024-10-06 13:07:11,312 - DEBUG - Extracted Temperature at 925 hPa
2024-10-06 13:07:11,337 - DEBUG - Extracted Relative humidity at 925 hPa
2024-10-06 13:07:11,369 - DEBUG - Extracted Specific humidity at 925 hPa
2024-10-06 13:07:11,404 - DEBUG - Extracted U component of wind at 925 hPa
2024-10-06 13:07:11,432 - DEBUG - Extracted V component of wind at 925 hPa
2024-10-06 13:07:11,589 - DEBUG - Extracted Temperature at 1000 hPa
2024-10-06 13:07:11,617 - DEBUG - Extracted Relative humidity at 1000 hPa
2024-10-06 13:07:11,649 - DEBUG - Extracted Specific humidity at 1000 hPa
2024-10-06 13:07:11,689 - DEBUG - Extracted U component of wind at 1000 hPa
2024-10-06 13:07:11,717 - DEBUG - Extracted V component of wind at 1000 hPa
2024-10-06 13:07:11,779 - DEBUG - Extracted Geopotential height at 1000 hPa
2024-10-06 13:07:12,404 - DEBUG - Starting balloon flight simulation.
2024-10-06 13:07:12,412 - DEBUG - Time 0s: Altitude 5.00m, Lat 18.072760, Lon 120.668334
2024-10-06 13:07:12,414 - WARNING - Temperature data not available for 999.5065789473684 hPa. Using standard temperature model.
2024-10-06 13:07:12,418 - INFO - Parachute deployed at altitude 5.00 m and time 1s.
2024-10-06 13:07:12,421 - INFO - Balloon landed at time 1s at location (18.072759880246156, 120.66833361931927).
2024-10-06 13:07:12,423 - DEBUG - Time 1s: Altitude 0.00m, Lat 18.072760, Lon 120.668334
2024-10-06 13:07:12,884 - INFO - Flight trajectory plot saved to data/output\flight_trajectory.png
2024-10-06 13:07:13,067 - INFO - Altitude vs Time plot saved to data/output\altitude_vs_time.png
2024-10-06 13:08:03,276 - DEBUG - Extracted Geopotential height at 300 hPa
2024-10-06 13:08:03,299 - DEBUG - Extracted Temperature at 300 hPa
2024-10-06 13:08:03,326 - DEBUG - Extracted Relative humidity at 300 hPa
2024-10-06 13:08:03,364 - DEBUG - Extracted Specific humidity at 300 hPa
2024-10-06 13:08:03,402 - DEBUG - Extracted U component of wind at 300 hPa
2024-10-06 13:08:03,427 - DEBUG - Extracted V component of wind at 300 hPa
2024-10-06 13:08:03,634 - DEBUG - Extracted Geopotential height at 500 hPa
2024-10-06 13:08:03,660 - DEBUG - Extracted Temperature at 500 hPa
2024-10-06 13:08:03,684 - DEBUG - Extracted Relative humidity at 500 hPa
2024-10-06 13:08:03,723 - DEBUG - Extracted Specific humidity at 500 hPa
2024-10-06 13:08:03,770 - DEBUG - Extracted U component of wind at 500 hPa
2024-10-06 13:08:03,804 - DEBUG - Extracted V component of wind at 500 hPa
2024-10-06 13:08:04,125 - DEBUG - Extracted Geopotential height at 700 hPa
2024-10-06 13:08:04,164 - DEBUG - Extracted Temperature at 700 hPa
2024-10-06 13:08:04,207 - DEBUG - Extracted Relative humidity at 700 hPa
2024-10-06 13:08:04,252 - DEBUG - Extracted Specific humidity at 700 hPa
2024-10-06 13:08:04,296 - DEBUG - Extracted U component of wind at 700 hPa
2024-10-06 13:08:04,323 - DEBUG - Extracted V component of wind at 700 hPa
2024-10-06 13:08:04,469 - DEBUG - Extracted Geopotential height at 850 hPa
2024-10-06 13:08:04,493 - DEBUG - Extracted Temperature at 850 hPa
2024-10-06 13:08:04,519 - DEBUG - Extracted Relative humidity at 850 hPa
2024-10-06 13:08:04,556 - DEBUG - Extracted Specific humidity at 850 hPa
2024-10-06 13:08:04,588 - DEBUG - Extracted U component of wind at 850 hPa
2024-10-06 13:08:04,611 - DEBUG - Extracted V component of wind at 850 hPa
2024-10-06 13:08:04,699 - DEBUG - Extracted Geopotential height at 925 hPa
2024-10-06 13:08:04,725 - DEBUG - Extracted Temperature at 925 hPa
2024-10-06 13:08:04,771 - DEBUG - Extracted Relative humidity at 925 hPa
2024-10-06 13:08:04,824 - DEBUG - Extracted Specific humidity at 925 hPa
2024-10-06 13:08:04,860 - DEBUG - Extracted U component of wind at 925 hPa
2024-10-06 13:08:04,886 - DEBUG - Extracted V component of wind at 925 hPa
2024-10-06 13:08:05,034 - DEBUG - Extracted Temperature at 1000 hPa
2024-10-06 13:08:05,059 - DEBUG - Extracted Relative humidity at 1000 hPa
2024-10-06 13:08:05,089 - DEBUG - Extracted Specific humidity at 1000 hPa
2024-10-06 13:08:05,124 - DEBUG - Extracted U component of wind at 1000 hPa
2024-10-06 13:08:05,149 - DEBUG - Extracted V component of wind at 1000 hPa
2024-10-06 13:08:05,199 - DEBUG - Extracted Geopotential height at 1000 hPa
2024-10-06 13:08:05,724 - DEBUG - Starting balloon flight simulation.
2024-10-06 13:08:05,732 - DEBUG - Time 0s: Altitude 5.00m, Lat 18.072760, Lon 120.668334
2024-10-06 13:08:05,733 - WARNING - Temperature data not available for 999.5065789473684 hPa. Using standard temperature model.
2024-10-06 13:08:05,736 - INFO - Parachute deployed at altitude 5.00 m and time 1s.
2024-10-06 13:08:05,738 - INFO - Balloon landed at time 1s at location (18.072759880246156, 120.66833361931927).
2024-10-06 13:08:05,740 - DEBUG - Time 1s: Altitude 0.00m, Lat 18.072760, Lon 120.668334
2024-10-06 13:08:05,961 - INFO - Flight trajectory plot saved to data/output\flight_trajectory.png
2024-10-06 13:08:06,142 - INFO - Altitude vs Time plot saved to data/output\altitude_vs_time.png
2024-10-06 13:11:54,255 - DEBUG - Extracted Geopotential height at 300 hPa
2024-10-06 13:11:54,282 - DEBUG - Extracted Temperature at 300 hPa
2024-10-06 13:11:54,309 - DEBUG - Extracted Relative humidity at 300 hPa
2024-10-06 13:11:54,343 - DEBUG - Extracted Specific humidity at 300 hPa
2024-10-06 13:11:54,378 - DEBUG - Extracted U component of wind at 300 hPa
2024-10-06 13:11:54,403 - DEBUG - Extracted V component of wind at 300 hPa
2024-10-06 13:11:54,613 - DEBUG - Extracted Geopotential height at 500 hPa
2024-10-06 13:11:54,638 - DEBUG - Extracted Temperature at 500 hPa
2024-10-06 13:11:54,661 - DEBUG - Extracted Relative humidity at 500 hPa
2024-10-06 13:11:54,690 - DEBUG - Extracted Specific humidity at 500 hPa
2024-10-06 13:11:54,723 - DEBUG - Extracted U component of wind at 500 hPa
2024-10-06 13:11:54,751 - DEBUG - Extracted V component of wind at 500 hPa
2024-10-06 13:11:54,979 - DEBUG - Extracted Geopotential height at 700 hPa
2024-10-06 13:11:55,004 - DEBUG - Extracted Temperature at 700 hPa
2024-10-06 13:11:55,031 - DEBUG - Extracted Relative humidity at 700 hPa
2024-10-06 13:11:55,064 - DEBUG - Extracted Specific humidity at 700 hPa
2024-10-06 13:11:55,106 - DEBUG - Extracted U component of wind at 700 hPa
2024-10-06 13:11:55,131 - DEBUG - Extracted V component of wind at 700 hPa
2024-10-06 13:11:55,339 - DEBUG - Extracted Geopotential height at 850 hPa
2024-10-06 13:11:55,371 - DEBUG - Extracted Temperature at 850 hPa
2024-10-06 13:11:55,406 - DEBUG - Extracted Relative humidity at 850 hPa
2024-10-06 13:11:55,439 - DEBUG - Extracted Specific humidity at 850 hPa
2024-10-06 13:11:55,487 - DEBUG - Extracted U component of wind at 850 hPa
2024-10-06 13:11:55,519 - DEBUG - Extracted V component of wind at 850 hPa
2024-10-06 13:11:55,682 - DEBUG - Extracted Geopotential height at 925 hPa
2024-10-06 13:11:55,714 - DEBUG - Extracted Temperature at 925 hPa
2024-10-06 13:11:55,740 - DEBUG - Extracted Relative humidity at 925 hPa
2024-10-06 13:11:55,777 - DEBUG - Extracted Specific humidity at 925 hPa
2024-10-06 13:11:55,837 - DEBUG - Extracted U component of wind at 925 hPa
2024-10-06 13:11:55,866 - DEBUG - Extracted V component of wind at 925 hPa
2024-10-06 13:11:56,099 - DEBUG - Extracted Temperature at 1000 hPa
2024-10-06 13:11:56,130 - DEBUG - Extracted Relative humidity at 1000 hPa
2024-10-06 13:11:56,163 - DEBUG - Extracted Specific humidity at 1000 hPa
2024-10-06 13:11:56,209 - DEBUG - Extracted U component of wind at 1000 hPa
2024-10-06 13:11:56,239 - DEBUG - Extracted V component of wind at 1000 hPa
2024-10-06 13:11:56,302 - DEBUG - Extracted Geopotential height at 1000 hPa
2024-10-06 13:11:57,124 - DEBUG - Starting balloon flight simulation.
2024-10-06 13:11:57,131 - DEBUG - Time 0s: Altitude 5.00m, Lat 18.072760, Lon 120.668334
2024-10-06 13:11:57,132 - WARNING - Temperature data not available for 999.5065789473684 hPa. Using standard temperature model.
2024-10-06 13:11:57,136 - INFO - Parachute deployed at altitude 5.00 m and time 1s.
2024-10-06 13:11:57,138 - INFO - Balloon landed at time 1s at location (18.072759880246156, 120.66833361931927).
2024-10-06 13:11:57,141 - DEBUG - Time 1s: Altitude 0.00m, Lat 18.072760, Lon 120.668334
2024-10-06 13:11:57,745 - INFO - Flight trajectory plot saved to data/output\flight_trajectory.png
2024-10-06 13:11:57,992 - INFO - Altitude vs Time plot saved to data/output\altitude_vs_time.png
